<?xml version="1.0" encoding="UTF-8"?>
<!-- Generated by org.testng.reporters.JUnitXMLReporter -->
<testsuite hostname="ARS-NBT-LAP-250" ignored="0" name="Opus2" tests="2" failures="0" timestamp="26 May 2022 10:38:46 GMT" time="26.681" errors="0">
  <testcase name="verifyOpusAdminLogin" time="7.734" classname="com.opus.testcases.TC_OpusVendorCaseAllocation_02"/>
  <testcase name="verifyCheckAllocationByAllocatorToVendor" time="11.849" classname="com.opus.testcases.TC_OpusVendorCaseAllocation_02"/>
</testsuite> <!-- Opus2 -->
