<?xml version="1.0" encoding="UTF-8"?>
<!-- Generated by org.testng.reporters.JUnitXMLReporter -->
<testsuite hostname="ARS-NBT-LAP-250" ignored="0" name="Opus11" tests="4" failures="0" timestamp="06 Jun 2022 09:40:42 GMT" time="350.95" errors="0">
  <testcase name="verifyVendorAccountLogin" time="6.111" classname="com.opus.testcases.TC_OpusUniversityMapping_08"/>
  <testcase name="verifyAdminByCityMapping" time="35.31" classname="com.opus.testcases.TC_OpusUniversityMapping_08"/>
  <testcase name="verifyBridgeCaseInitiation" time="290.286" classname="com.opus.testcases.TC_OpusUniversityMapping_08"/>
  <testcase name="verifySwitchToRoleAllocator" time="14.629" classname="com.opus.testcases.TC_OpusUniversityMapping_08"/>
</testsuite> <!-- Opus11 -->
