<?xml version="1.0" encoding="UTF-8"?>
<!-- Generated by org.testng.reporters.JUnitXMLReporter -->
<testsuite hostname="ARS-NBT-LAP-250" ignored="0" name="Opus3" tests="4" failures="0" timestamp="26 May 2022 10:41:13 GMT" time="147.541" errors="0">
  <testcase name="verifyVendorAccountLogin" time="7.79" classname="com.opus.testcases.TC_OpusVendorCaseSubmission_03"/>
  <testcase name="VerifyAssigningCheckToFieldExecutive" time="9.554" classname="com.opus.testcases.TC_OpusVendorCaseSubmission_03"/>
  <testcase name="verifyUpdateCheckDetails" time="110.771" classname="com.opus.testcases.TC_OpusVendorCaseSubmission_03"/>
  <testcase name="verifyMarkCheckAsSent" time="13.11" classname="com.opus.testcases.TC_OpusVendorCaseSubmission_03"/>
</testsuite> <!-- Opus3 -->
