<?xml version="1.0" encoding="UTF-8"?>
<!-- Generated by org.testng.reporters.JUnitXMLReporter -->
<testsuite hostname="ARS-NBT-LAP-250" ignored="0" name="Opus5" tests="8" failures="0" timestamp="27 May 2022 09:01:51 GMT" time="219.674" errors="0">
  <testcase name="bridgeLoginTest" time="8.298" classname="com.opus.testcases.TC_CaseInitiation_01"/>
  <testcase name="bridgeCaseAddDetails" time="30.945" classname="com.opus.testcases.TC_CaseInitiation_01"/>
  <testcase name="verifyAdminUserRoleHighlighterAllocator" time="13.13" classname="com.opus.testcases.TC_CaseInitiation_01"/>
  <testcase name="verifyUserAdminRoleHighlighter" time="17.915" classname="com.opus.testcases.TC_CaseInitiation_01"/>
  <testcase name="verifyUserAdminRoleDocumentationSpecialist" time="58.237" classname="com.opus.testcases.TC_CaseInitiation_01"/>
  <testcase name="verifyInsufficientDocsQcAllocator" time="44.461" classname="com.opus.testcases.TC_CaseInitiation_01"/>
  <testcase name="verifyInsufficientDocsQuality" time="27.61" classname="com.opus.testcases.TC_CaseInitiation_01"/>
  <testcase name="verifyInsufficientAllocator" time="14.421" classname="com.opus.testcases.TC_CaseInitiation_01"/>
</testsuite> <!-- Opus5 -->
