<?xml version="1.0" encoding="UTF-8"?>
<!-- Generated by org.testng.reporters.JUnitXMLReporter -->
<testsuite hostname="ARS-NBT-LAP-250" ignored="0" name="Opus3" tests="4" failures="1" timestamp="30 May 2022 04:41:25 GMT" time="19.152" errors="0">
  <testcase name="verifyVendorAccountLogin" time="6.126" classname="com.opus.testcases.TC_OpusVendorCaseSubmission_03"/>
  <testcase name="VerifyAssigningCheckToFieldExecutive" time="9.262" classname="com.opus.testcases.TC_OpusVendorCaseSubmission_03">
    <failure type="org.openqa.selenium.UnhandledAlertException" message="unexpected alert open: {Alert text : Success -: Check successfully assigned to Normal Vendor!}
  (Session info: chrome=101.0.4951.64): Success -: Check successfully assigned to Normal Vendor!
Build info: version: &amp;apos;3.14.0&amp;apos;, revision: &amp;apos;aacccce0&amp;apos;, time: &amp;apos;2018-08-02T20:19:58.91Z&amp;apos;
System info: host: &amp;apos;ARS-NBT-LAP-250&amp;apos;, ip: &amp;apos;192.168.43.51&amp;apos;, os.name: &amp;apos;Linux&amp;apos;, os.arch: &amp;apos;amd64&amp;apos;, os.version: &amp;apos;5.13.0-41-generic&amp;apos;, java.version: &amp;apos;1.8.0_312&amp;apos;
Driver info: org.openqa.selenium.chrome.ChromeDriver
Capabilities {acceptInsecureCerts: false, browserName: chrome, browserVersion: 101.0.4951.64, chrome: {chromedriverVersion: 101.0.4951.41 (93c720db8323..., userDataDir: /tmp/.com.google.Chrome.yH0GIO}, goog:chromeOptions: {debuggerAddress: localhost:43909}, javascriptEnabled: true, networkConnectionEnabled: false, pageLoadStrategy: normal, platform: LINUX, platformName: LINUX, proxy: Proxy(), setWindowRect: true, strictFileInteractability: false, timeouts: {implicit: 0, pageLoad: 300000, script: 30000}, unhandledPromptBehavior: dismiss and notify, webauthn:extension:credBlob: true, webauthn:extension:largeBlob: true, webauthn:virtualAuthenticators: true}
Session ID: 0fcc2f49ae8b89d8cbaa6a19b2a807d3">
      <![CDATA[org.openqa.selenium.UnhandledAlertException: unexpected alert open: {Alert text : Success -: Check successfully assigned to Normal Vendor!}
  (Session info: chrome=101.0.4951.64): Success -: Check successfully assigned to Normal Vendor!
Build info: version: '3.14.0', revision: 'aacccce0', time: '2018-08-02T20:19:58.91Z'
System info: host: 'ARS-NBT-LAP-250', ip: '192.168.43.51', os.name: 'Linux', os.arch: 'amd64', os.version: '5.13.0-41-generic', java.version: '1.8.0_312'
Driver info: org.openqa.selenium.chrome.ChromeDriver
Capabilities {acceptInsecureCerts: false, browserName: chrome, browserVersion: 101.0.4951.64, chrome: {chromedriverVersion: 101.0.4951.41 (93c720db8323..., userDataDir: /tmp/.com.google.Chrome.yH0GIO}, goog:chromeOptions: {debuggerAddress: localhost:43909}, javascriptEnabled: true, networkConnectionEnabled: false, pageLoadStrategy: normal, platform: LINUX, platformName: LINUX, proxy: Proxy(), setWindowRect: true, strictFileInteractability: false, timeouts: {implicit: 0, pageLoad: 300000, script: 30000}, unhandledPromptBehavior: dismiss and notify, webauthn:extension:credBlob: true, webauthn:extension:largeBlob: true, webauthn:virtualAuthenticators: true}
Session ID: 0fcc2f49ae8b89d8cbaa6a19b2a807d3
at org.openqa.selenium.remote.http.W3CHttpResponseCodec.decode(W3CHttpResponseCodec.java:120)
at org.openqa.selenium.remote.http.W3CHttpResponseCodec.decode(W3CHttpResponseCodec.java:49)
at org.openqa.selenium.remote.HttpCommandExecutor.execute(HttpCommandExecutor.java:158)
at org.openqa.selenium.remote.service.DriverCommandExecutor.execute(DriverCommandExecutor.java:83)
at org.openqa.selenium.remote.RemoteWebDriver.execute(RemoteWebDriver.java:548)
at org.openqa.selenium.remote.RemoteWebDriver.execute(RemoteWebDriver.java:605)
at org.openqa.selenium.remote.RemoteWebDriver$RemoteTargetLocator.alert(RemoteWebDriver.java:928)
at com.opus.testcases.TC_OpusVendorCaseSubmission_03.VerifyAssigningCheckToFieldExecutive(TC_OpusVendorCaseSubmission_03.java:38)
... Removed 28 stack frames]]>
    </failure>
  </testcase> <!-- VerifyAssigningCheckToFieldExecutive -->
  <testcase name="verifyUpdateCheckDetails" time="0.0" classname="com.opus.testcases.TC_OpusVendorCaseSubmission_03">
    <skipped/>
  </testcase> <!-- verifyUpdateCheckDetails -->
  <testcase name="verifyMarkCheckAsSent" time="0.0" classname="com.opus.testcases.TC_OpusVendorCaseSubmission_03">
    <skipped/>
  </testcase> <!-- verifyMarkCheckAsSent -->
</testsuite> <!-- Opus3 -->
