<?xml version="1.0" encoding="UTF-8"?>
<!-- Generated by org.testng.reporters.JUnitXMLReporter -->
<testsuite hostname="ARS-NBT-LAP-250" ignored="0" name="Opus10" tests="11" failures="0" timestamp="31 May 2022 13:00:47 GMT" time="316.057" errors="0">
  <testcase name="verifyVendorAccountLogin" time="0.0" classname="com.opus.testcases.TC_OpusCityMapping_07"/>
  <testcase name="verifyAdminByCityMapping" time="0.0" classname="com.opus.testcases.TC_OpusCityMapping_07"/>
  <testcase name="bridgeLoginTest" time="9.613" classname="com.opus.testcases.TC_OpusCityMapping_07"/>
  <testcase name="bridgeCaseAddDetails" time="37.637" classname="com.opus.testcases.TC_OpusCityMapping_07"/>
  <testcase name="verifyAdminUserRoleHighlighterAllocator" time="20.813" classname="com.opus.testcases.TC_OpusCityMapping_07"/>
  <testcase name="verifyUserAdminRoleHighlighter" time="19.995" classname="com.opus.testcases.TC_OpusCityMapping_07"/>
  <testcase name="verifyUserAdminRoleDocumentationSpecialist" time="72.784" classname="com.opus.testcases.TC_OpusCityMapping_07"/>
  <testcase name="verifyInsufficientDocsQcAllocator" time="49.056" classname="com.opus.testcases.TC_OpusCityMapping_07"/>
  <testcase name="verifyInsufficientDocsQuality" time="39.814" classname="com.opus.testcases.TC_OpusCityMapping_07"/>
  <testcase name="verifyInsufficientAllocator" time="24.084" classname="com.opus.testcases.TC_OpusCityMapping_07"/>
  <testcase name="verifySwitchToRoleAllocator" time="36.436" classname="com.opus.testcases.TC_OpusCityMapping_07"/>
</testsuite> <!-- Opus10 -->
