<?xml version="1.0" encoding="UTF-8"?>
<!-- Generated by org.testng.reporters.JUnitXMLReporter -->
<testsuite hostname="ARS-NBT-LAP-250" ignored="0" name="Opus6" tests="2" failures="1" timestamp="27 May 2022 09:02:06 GMT" time="14.935" errors="0">
  <testcase name="verifyOpusAdminLogin" time="5.961" classname="com.opus.testcases.TC_OpusVendorCaseAllocation_02"/>
  <testcase name="verifyCheckAllocationByAllocatorToVendor" time="5.655" classname="com.opus.testcases.TC_OpusVendorCaseAllocation_02">
    <failure type="java.lang.AssertionError" message="expected [true] but found [false]">
      <![CDATA[java.lang.AssertionError: expected [true] but found [false]
at com.opus.testcases.TC_OpusVendorCaseAllocation_02.verifyCheckAllocationByAllocatorToVendor(TC_OpusVendorCaseAllocation_02.java:47)
... Removed 32 stack frames]]>
    </failure>
  </testcase> <!-- verifyCheckAllocationByAllocatorToVendor -->
</testsuite> <!-- Opus6 -->
