<?xml version="1.0" encoding="UTF-8"?>
<!-- Generated by org.testng.reporters.JUnitXMLReporter -->
<testsuite hostname="ARS-NBT-LAP-250" ignored="0" name="Opus2" tests="2" failures="0" timestamp="30 May 2022 04:39:45 GMT" time="15.978" errors="0">
  <testcase name="verifyOpusAdminLogin" time="5.974" classname="com.opus.testcases.TC_OpusVendorCaseAllocation_02"/>
  <testcase name="verifyCheckAllocationByAllocatorToVendor" time="6.346" classname="com.opus.testcases.TC_OpusVendorCaseAllocation_02"/>
</testsuite> <!-- Opus2 -->
