<?xml version="1.0" encoding="UTF-8"?>
<!-- Generated by org.testng.reporters.JUnitXMLReporter -->
<testsuite hostname="ARS-NBT-LAP-250" ignored="0" name="Opus1" tests="8" failures="0" timestamp="26 May 2022 10:38:18 GMT" time="333.668" errors="0">
  <testcase name="bridgeLoginTest" time="10.964" classname="com.opus.testcases.TC_CaseInitiation_01"/>
  <testcase name="bridgeCaseAddDetails" time="43.707" classname="com.opus.testcases.TC_CaseInitiation_01"/>
  <testcase name="verifyAdminUserRoleHighlighterAllocator" time="19.439" classname="com.opus.testcases.TC_CaseInitiation_01"/>
  <testcase name="verifyUserAdminRoleHighlighter" time="26.532" classname="com.opus.testcases.TC_CaseInitiation_01"/>
  <testcase name="verifyUserAdminRoleDocumentationSpecialist" time="90.537" classname="com.opus.testcases.TC_CaseInitiation_01"/>
  <testcase name="verifyInsufficientDocsQcAllocator" time="53.24" classname="com.opus.testcases.TC_CaseInitiation_01"/>
  <testcase name="verifyInsufficientDocsQuality" time="41.951" classname="com.opus.testcases.TC_CaseInitiation_01"/>
  <testcase name="verifyInsufficientAllocator" time="36.218" classname="com.opus.testcases.TC_CaseInitiation_01"/>
</testsuite> <!-- Opus1 -->
