<?xml version="1.0" encoding="UTF-8"?>
<!-- Generated by org.testng.reporters.JUnitXMLReporter -->
<testsuite hostname="ARS-NBT-LAP-250" ignored="0" name="Opus5" tests="8" failures="0" timestamp="26 May 2022 09:35:02 GMT" time="228.677" errors="0">
  <testcase name="bridgeLoginTest" time="8.365" classname="com.opus.testcases.TC_CaseInitiation_01"/>
  <testcase name="bridgeCaseAddDetails" time="35.485" classname="com.opus.testcases.TC_CaseInitiation_01"/>
  <testcase name="verifyAdminUserRoleHighlighterAllocator" time="13.078" classname="com.opus.testcases.TC_CaseInitiation_01"/>
  <testcase name="verifyUserAdminRoleHighlighter" time="20.987" classname="com.opus.testcases.TC_CaseInitiation_01"/>
  <testcase name="verifyUserAdminRoleDocumentationSpecialist" time="65.295" classname="com.opus.testcases.TC_CaseInitiation_01"/>
  <testcase name="verifyInsufficientDocsQcAllocator" time="41.476" classname="com.opus.testcases.TC_CaseInitiation_01"/>
  <testcase name="verifyInsufficientDocsQuality" time="26.101" classname="com.opus.testcases.TC_CaseInitiation_01"/>
  <testcase name="verifyInsufficientAllocator" time="14.117" classname="com.opus.testcases.TC_CaseInitiation_01"/>
</testsuite> <!-- Opus5 -->
