<?xml version="1.0" encoding="UTF-8"?>
<!-- Generated by org.testng.reporters.JUnitXMLReporter -->
<testsuite hostname="ARS-NBT-LAP-250" ignored="0" name="Opus1" tests="8" failures="0" timestamp="08 Jun 2022 04:21:49 GMT" time="213.468" errors="0">
  <testcase name="bridgeLoginTest" time="8.752" classname="com.opus.testcases.TC_CaseInitiation_01"/>
  <testcase name="bridgeCaseAddDetails" time="29.838" classname="com.opus.testcases.TC_CaseInitiation_01"/>
  <testcase name="verifyAdminUserRoleHighlighterAllocator" time="13.09" classname="com.opus.testcases.TC_CaseInitiation_01"/>
  <testcase name="verifyUserAdminRoleHighlighter" time="17.399" classname="com.opus.testcases.TC_CaseInitiation_01"/>
  <testcase name="verifyUserAdminRoleDocumentationSpecialist" time="60.417" classname="com.opus.testcases.TC_CaseInitiation_01"/>
  <testcase name="verifyInsufficientDocsQcAllocator" time="41.263" classname="com.opus.testcases.TC_CaseInitiation_01"/>
  <testcase name="verifyInsufficientDocsQuality" time="26.031" classname="com.opus.testcases.TC_CaseInitiation_01"/>
  <testcase name="verifyInsufficientAllocator" time="13.262" classname="com.opus.testcases.TC_CaseInitiation_01"/>
</testsuite> <!-- Opus1 -->
