<?xml version="1.0" encoding="UTF-8"?>
<testng-results skipped="1" failed="1" ignored="0" total="15" passed="13">
  <reporter-output>
  </reporter-output>
  <suite name="Opus" duration-ms="389948" started-at="2022-06-08T04:18:15Z" finished-at="2022-06-08T04:24:45Z">
    <groups>
    </groups>
    <test name="Opus1" duration-ms="213468" started-at="2022-06-08T04:18:15Z" finished-at="2022-06-08T04:21:49Z">
      <class name="com.opus.testcases.TC_CaseInitiation_01">
        <test-method status="PASS" signature="setup(java.lang.String)[pri:0, instance:com.opus.testcases.TC_CaseInitiation_01@246ae04d]" name="setup" is-config="true" duration-ms="3037" started-at="2022-06-08T04:18:16Z" finished-at="2022-06-08T04:18:19Z">
          <params>
            <param index="0">
              <value>
                <![CDATA[chrome]]>
              </value>
            </param>
          </params>
          <reporter-output>
          </reporter-output>
        </test-method> <!-- setup -->
        <test-method status="PASS" signature="bridgeLoginTest()[pri:1, instance:com.opus.testcases.TC_CaseInitiation_01@246ae04d]" name="bridgeLoginTest" duration-ms="8752" started-at="2022-06-08T04:18:19Z" finished-at="2022-06-08T04:18:28Z">
          <reporter-output>
          </reporter-output>
        </test-method> <!-- bridgeLoginTest -->
        <test-method status="PASS" signature="bridgeCaseAddDetails()[pri:2, instance:com.opus.testcases.TC_CaseInitiation_01@246ae04d]" name="bridgeCaseAddDetails" duration-ms="29838" started-at="2022-06-08T04:18:28Z" depends-on-methods="com.opus.testcases.TC_CaseInitiation_01.bridgeLoginTest" finished-at="2022-06-08T04:18:57Z">
          <reporter-output>
          </reporter-output>
        </test-method> <!-- bridgeCaseAddDetails -->
        <test-method status="PASS" signature="verifyAdminUserRoleHighlighterAllocator()[pri:3, instance:com.opus.testcases.TC_CaseInitiation_01@246ae04d]" name="verifyAdminUserRoleHighlighterAllocator" duration-ms="13090" started-at="2022-06-08T04:18:57Z" depends-on-methods="com.opus.testcases.TC_CaseInitiation_01.bridgeCaseAddDetails" finished-at="2022-06-08T04:19:10Z">
          <reporter-output>
          </reporter-output>
        </test-method> <!-- verifyAdminUserRoleHighlighterAllocator -->
        <test-method status="PASS" signature="verifyUserAdminRoleHighlighter()[pri:4, instance:com.opus.testcases.TC_CaseInitiation_01@246ae04d]" name="verifyUserAdminRoleHighlighter" duration-ms="17399" started-at="2022-06-08T04:19:10Z" depends-on-methods="com.opus.testcases.TC_CaseInitiation_01.verifyAdminUserRoleHighlighterAllocator" finished-at="2022-06-08T04:19:28Z">
          <reporter-output>
          </reporter-output>
        </test-method> <!-- verifyUserAdminRoleHighlighter -->
        <test-method status="PASS" signature="verifyUserAdminRoleDocumentationSpecialist()[pri:5, instance:com.opus.testcases.TC_CaseInitiation_01@246ae04d]" name="verifyUserAdminRoleDocumentationSpecialist" duration-ms="60417" started-at="2022-06-08T04:19:28Z" depends-on-methods="com.opus.testcases.TC_CaseInitiation_01.verifyUserAdminRoleHighlighter" finished-at="2022-06-08T04:20:28Z">
          <reporter-output>
          </reporter-output>
        </test-method> <!-- verifyUserAdminRoleDocumentationSpecialist -->
        <test-method status="PASS" signature="verifyInsufficientDocsQcAllocator()[pri:6, instance:com.opus.testcases.TC_CaseInitiation_01@246ae04d]" name="verifyInsufficientDocsQcAllocator" duration-ms="41263" started-at="2022-06-08T04:20:28Z" depends-on-methods="com.opus.testcases.TC_CaseInitiation_01.verifyUserAdminRoleDocumentationSpecialist" finished-at="2022-06-08T04:21:10Z">
          <reporter-output>
          </reporter-output>
        </test-method> <!-- verifyInsufficientDocsQcAllocator -->
        <test-method status="PASS" signature="verifyInsufficientDocsQuality()[pri:7, instance:com.opus.testcases.TC_CaseInitiation_01@246ae04d]" name="verifyInsufficientDocsQuality" duration-ms="26031" started-at="2022-06-08T04:21:10Z" depends-on-methods="com.opus.testcases.TC_CaseInitiation_01.verifyInsufficientDocsQcAllocator" finished-at="2022-06-08T04:21:36Z">
          <reporter-output>
          </reporter-output>
        </test-method> <!-- verifyInsufficientDocsQuality -->
        <test-method status="PASS" signature="verifyInsufficientAllocator()[pri:8, instance:com.opus.testcases.TC_CaseInitiation_01@246ae04d]" name="verifyInsufficientAllocator" duration-ms="13262" started-at="2022-06-08T04:21:36Z" depends-on-methods="com.opus.testcases.TC_CaseInitiation_01.verifyInsufficientDocsQuality" finished-at="2022-06-08T04:21:49Z">
          <reporter-output>
          </reporter-output>
        </test-method> <!-- verifyInsufficientAllocator -->
        <test-method status="PASS" signature="tearDown()[pri:0, instance:com.opus.testcases.TC_CaseInitiation_01@246ae04d]" name="tearDown" is-config="true" duration-ms="121" started-at="2022-06-08T04:21:49Z" finished-at="2022-06-08T04:21:49Z">
          <reporter-output>
          </reporter-output>
        </test-method> <!-- tearDown -->
      </class> <!-- com.opus.testcases.TC_CaseInitiation_01 -->
    </test> <!-- Opus1 -->
    <test name="Opus2" duration-ms="13624" started-at="2022-06-08T04:21:49Z" finished-at="2022-06-08T04:22:03Z">
      <class name="com.opus.testcases.TC_OpusVendorCaseAllocation_02">
        <test-method status="PASS" signature="setup(java.lang.String)[pri:0, instance:com.opus.testcases.TC_OpusVendorCaseAllocation_02@234bef66]" name="setup" is-config="true" duration-ms="2446" started-at="2022-06-08T04:21:49Z" finished-at="2022-06-08T04:21:52Z">
          <params>
            <param index="0">
              <value>
                <![CDATA[chrome]]>
              </value>
            </param>
          </params>
          <reporter-output>
          </reporter-output>
        </test-method> <!-- setup -->
        <test-method status="PASS" signature="verifyOpusAdminLogin()[pri:1, instance:com.opus.testcases.TC_OpusVendorCaseAllocation_02@234bef66]" name="verifyOpusAdminLogin" duration-ms="5778" started-at="2022-06-08T04:21:52Z" finished-at="2022-06-08T04:21:58Z">
          <reporter-output>
          </reporter-output>
        </test-method> <!-- verifyOpusAdminLogin -->
        <test-method status="PASS" signature="verifyCheckAllocationByAllocatorToVendor()[pri:2, instance:com.opus.testcases.TC_OpusVendorCaseAllocation_02@234bef66]" name="verifyCheckAllocationByAllocatorToVendor" duration-ms="5316" started-at="2022-06-08T04:21:58Z" depends-on-methods="com.opus.testcases.TC_OpusVendorCaseAllocation_02.verifyOpusAdminLogin" finished-at="2022-06-08T04:22:03Z">
          <reporter-output>
          </reporter-output>
        </test-method> <!-- verifyCheckAllocationByAllocatorToVendor -->
        <test-method status="PASS" signature="tearDown()[pri:0, instance:com.opus.testcases.TC_OpusVendorCaseAllocation_02@234bef66]" name="tearDown" is-config="true" duration-ms="78" started-at="2022-06-08T04:22:03Z" finished-at="2022-06-08T04:22:03Z">
          <reporter-output>
          </reporter-output>
        </test-method> <!-- tearDown -->
      </class> <!-- com.opus.testcases.TC_OpusVendorCaseAllocation_02 -->
    </test> <!-- Opus2 -->
    <test name="Opus3" duration-ms="162355" started-at="2022-06-08T04:22:03Z" finished-at="2022-06-08T04:24:45Z">
      <class name="com.opus.testcases.TC_OpusVendorCaseSubmission_03">
        <test-method status="PASS" signature="setup(java.lang.String)[pri:0, instance:com.opus.testcases.TC_OpusVendorCaseSubmission_03@3dd3bcd]" name="setup" is-config="true" duration-ms="2626" started-at="2022-06-08T04:22:03Z" finished-at="2022-06-08T04:22:06Z">
          <params>
            <param index="0">
              <value>
                <![CDATA[chrome]]>
              </value>
            </param>
          </params>
          <reporter-output>
          </reporter-output>
        </test-method> <!-- setup -->
        <test-method status="PASS" signature="verifyVendorAccountLogin()[pri:1, instance:com.opus.testcases.TC_OpusVendorCaseSubmission_03@3dd3bcd]" name="verifyVendorAccountLogin" duration-ms="4627" started-at="2022-06-08T04:22:06Z" finished-at="2022-06-08T04:22:10Z">
          <reporter-output>
          </reporter-output>
        </test-method> <!-- verifyVendorAccountLogin -->
        <test-method status="PASS" signature="VerifyAssigningCheckToFieldExecutive()[pri:2, instance:com.opus.testcases.TC_OpusVendorCaseSubmission_03@3dd3bcd]" name="VerifyAssigningCheckToFieldExecutive" duration-ms="27024" started-at="2022-06-08T04:22:10Z" depends-on-methods="com.opus.testcases.TC_OpusVendorCaseSubmission_03.verifyVendorAccountLogin" finished-at="2022-06-08T04:22:37Z">
          <reporter-output>
          </reporter-output>
        </test-method> <!-- VerifyAssigningCheckToFieldExecutive -->
        <test-method status="PASS" signature="verifyReAssignFeName()[pri:3, instance:com.opus.testcases.TC_OpusVendorCaseSubmission_03@3dd3bcd]" name="verifyReAssignFeName" duration-ms="67896" started-at="2022-06-08T04:22:37Z" depends-on-methods="com.opus.testcases.TC_OpusVendorCaseSubmission_03.VerifyAssigningCheckToFieldExecutive" finished-at="2022-06-08T04:23:45Z">
          <reporter-output>
          </reporter-output>
        </test-method> <!-- verifyReAssignFeName -->
        <test-method status="FAIL" signature="verifyUpdateCheckDetails()[pri:4, instance:com.opus.testcases.TC_OpusVendorCaseSubmission_03@3dd3bcd]" name="verifyUpdateCheckDetails" duration-ms="60059" started-at="2022-06-08T04:23:45Z" depends-on-methods="com.opus.testcases.TC_OpusVendorCaseSubmission_03.verifyReAssignFeName" finished-at="2022-06-08T04:24:45Z">
          <exception class="org.openqa.selenium.NoSuchElementException">
            <message>
              <![CDATA[no such element: Unable to locate element: {"method":"xpath","selector":"/html[1]/body[1]/div[1]/div[3]/table[1]/tbody[1]/tr[1]/td[2]/table[1]/tbody[1]/tr[9]/td[2]/table[1]/tbody[1]/tr[1]/td[1]/input[1]"}
  (Session info: chrome=101.0.4951.64)
For documentation on this error, please visit: http://seleniumhq.org/exceptions/no_such_element.html
Build info: version: '3.14.0', revision: 'aacccce0', time: '2018-08-02T20:19:58.91Z'
System info: host: 'ARS-NBT-LAP-250', ip: '192.168.43.51', os.name: 'Linux', os.arch: 'amd64', os.version: '5.13.0-41-generic', java.version: '1.8.0_312'
Driver info: org.openqa.selenium.chrome.ChromeDriver
Capabilities {acceptInsecureCerts: false, browserName: chrome, browserVersion: 101.0.4951.64, chrome: {chromedriverVersion: 101.0.4951.41 (93c720db8323..., userDataDir: /tmp/.com.google.Chrome.sM0cbP}, goog:chromeOptions: {debuggerAddress: localhost:35759}, javascriptEnabled: true, networkConnectionEnabled: false, pageLoadStrategy: normal, platform: LINUX, platformName: LINUX, proxy: Proxy(), setWindowRect: true, strictFileInteractability: false, timeouts: {implicit: 0, pageLoad: 300000, script: 30000}, unhandledPromptBehavior: dismiss and notify, webauthn:extension:credBlob: true, webauthn:extension:largeBlob: true, webauthn:virtualAuthenticators: true}
Session ID: ea6e67c25b1581d7f04c912e91f56a1a
*** Element info: {Using=xpath, value=/html[1]/body[1]/div[1]/div[3]/table[1]/tbody[1]/tr[1]/td[2]/table[1]/tbody[1]/tr[9]/td[2]/table[1]/tbody[1]/tr[1]/td[1]/input[1]}]]>
            </message>
            <full-stacktrace>
              <![CDATA[org.openqa.selenium.NoSuchElementException: no such element: Unable to locate element: {"method":"xpath","selector":"/html[1]/body[1]/div[1]/div[3]/table[1]/tbody[1]/tr[1]/td[2]/table[1]/tbody[1]/tr[9]/td[2]/table[1]/tbody[1]/tr[1]/td[1]/input[1]"}
  (Session info: chrome=101.0.4951.64)
For documentation on this error, please visit: http://seleniumhq.org/exceptions/no_such_element.html
Build info: version: '3.14.0', revision: 'aacccce0', time: '2018-08-02T20:19:58.91Z'
System info: host: 'ARS-NBT-LAP-250', ip: '192.168.43.51', os.name: 'Linux', os.arch: 'amd64', os.version: '5.13.0-41-generic', java.version: '1.8.0_312'
Driver info: org.openqa.selenium.chrome.ChromeDriver
Capabilities {acceptInsecureCerts: false, browserName: chrome, browserVersion: 101.0.4951.64, chrome: {chromedriverVersion: 101.0.4951.41 (93c720db8323..., userDataDir: /tmp/.com.google.Chrome.sM0cbP}, goog:chromeOptions: {debuggerAddress: localhost:35759}, javascriptEnabled: true, networkConnectionEnabled: false, pageLoadStrategy: normal, platform: LINUX, platformName: LINUX, proxy: Proxy(), setWindowRect: true, strictFileInteractability: false, timeouts: {implicit: 0, pageLoad: 300000, script: 30000}, unhandledPromptBehavior: dismiss and notify, webauthn:extension:credBlob: true, webauthn:extension:largeBlob: true, webauthn:virtualAuthenticators: true}
Session ID: ea6e67c25b1581d7f04c912e91f56a1a
*** Element info: {Using=xpath, value=/html[1]/body[1]/div[1]/div[3]/table[1]/tbody[1]/tr[1]/td[2]/table[1]/tbody[1]/tr[9]/td[2]/table[1]/tbody[1]/tr[1]/td[1]/input[1]}
at sun.reflect.NativeConstructorAccessorImpl.newInstance0(Native Method)
at sun.reflect.NativeConstructorAccessorImpl.newInstance(NativeConstructorAccessorImpl.java:62)
at sun.reflect.DelegatingConstructorAccessorImpl.newInstance(DelegatingConstructorAccessorImpl.java:45)
at java.lang.reflect.Constructor.newInstance(Constructor.java:423)
at org.openqa.selenium.remote.http.W3CHttpResponseCodec.createException(W3CHttpResponseCodec.java:187)
at org.openqa.selenium.remote.http.W3CHttpResponseCodec.decode(W3CHttpResponseCodec.java:122)
at org.openqa.selenium.remote.http.W3CHttpResponseCodec.decode(W3CHttpResponseCodec.java:49)
at org.openqa.selenium.remote.HttpCommandExecutor.execute(HttpCommandExecutor.java:158)
at org.openqa.selenium.remote.service.DriverCommandExecutor.execute(DriverCommandExecutor.java:83)
at org.openqa.selenium.remote.RemoteWebDriver.execute(RemoteWebDriver.java:548)
at org.openqa.selenium.remote.RemoteWebDriver.findElement(RemoteWebDriver.java:322)
at org.openqa.selenium.remote.RemoteWebDriver.findElementByXPath(RemoteWebDriver.java:424)
at org.openqa.selenium.By$ByXPath.findElement(By.java:353)
at org.openqa.selenium.remote.RemoteWebDriver.findElement(RemoteWebDriver.java:314)
at org.openqa.selenium.support.pagefactory.DefaultElementLocator.findElement(DefaultElementLocator.java:69)
at org.openqa.selenium.support.pagefactory.internal.LocatingElementHandler.invoke(LocatingElementHandler.java:38)
at com.sun.proxy.$Proxy9.getWrappedElement(Unknown Source)
at org.openqa.selenium.remote.internal.WebElementToJsonConverter.apply(WebElementToJsonConverter.java:50)
at java.util.stream.ReferencePipeline$3$1.accept(ReferencePipeline.java:193)
at java.util.Spliterators$ArraySpliterator.forEachRemaining(Spliterators.java:948)
at java.util.stream.AbstractPipeline.copyInto(AbstractPipeline.java:482)
at java.util.stream.AbstractPipeline.wrapAndCopyInto(AbstractPipeline.java:472)
at java.util.stream.ReduceOps$ReduceOp.evaluateSequential(ReduceOps.java:708)
at java.util.stream.AbstractPipeline.evaluate(AbstractPipeline.java:234)
at java.util.stream.ReferencePipeline.collect(ReferencePipeline.java:566)
at org.openqa.selenium.remote.RemoteWebDriver.executeScript(RemoteWebDriver.java:480)
at com.opus.utilities.JavaScriptManuplator.javaScriptExecutor(JavaScriptManuplator.java:38)
at com.opus.pageobject.OpusApproveMapping.currentAddressVerification(OpusApproveMapping.java:567)
at com.opus.testcases.TC_OpusVendorCaseSubmission_03.verifyUpdateCheckDetails(TC_OpusVendorCaseSubmission_03.java:79)
at sun.reflect.NativeMethodAccessorImpl.invoke0(Native Method)
at sun.reflect.NativeMethodAccessorImpl.invoke(NativeMethodAccessorImpl.java:62)
at sun.reflect.DelegatingMethodAccessorImpl.invoke(DelegatingMethodAccessorImpl.java:43)
at java.lang.reflect.Method.invoke(Method.java:498)
at org.testng.internal.MethodInvocationHelper.invokeMethod(MethodInvocationHelper.java:124)
at org.testng.internal.Invoker.invokeMethod(Invoker.java:583)
at org.testng.internal.Invoker.invokeTestMethod(Invoker.java:719)
at org.testng.internal.Invoker.invokeTestMethods(Invoker.java:989)
at org.testng.internal.TestMethodWorker.invokeTestMethods(TestMethodWorker.java:125)
at org.testng.internal.TestMethodWorker.run(TestMethodWorker.java:109)
at org.testng.TestRunner.privateRun(TestRunner.java:648)
at org.testng.TestRunner.run(TestRunner.java:505)
at org.testng.SuiteRunner.runTest(SuiteRunner.java:455)
at org.testng.SuiteRunner.runSequentially(SuiteRunner.java:450)
at org.testng.SuiteRunner.privateRun(SuiteRunner.java:415)
at org.testng.SuiteRunner.run(SuiteRunner.java:364)
at org.testng.SuiteRunnerWorker.runSuite(SuiteRunnerWorker.java:52)
at org.testng.SuiteRunnerWorker.run(SuiteRunnerWorker.java:84)
at org.testng.TestNG.runSuitesSequentially(TestNG.java:1208)
at org.testng.TestNG.runSuitesLocally(TestNG.java:1137)
at org.testng.TestNG.runSuites(TestNG.java:1049)
at org.testng.TestNG.run(TestNG.java:1017)
at org.apache.maven.surefire.testng.TestNGExecutor.run(TestNGExecutor.java:295)
at org.apache.maven.surefire.testng.TestNGXmlTestSuite.execute(TestNGXmlTestSuite.java:84)
at org.apache.maven.surefire.testng.TestNGProvider.invoke(TestNGProvider.java:90)
at org.apache.maven.surefire.booter.ForkedBooter.invokeProviderInSameClassLoader(ForkedBooter.java:203)
at org.apache.maven.surefire.booter.ForkedBooter.runSuitesInProcess(ForkedBooter.java:155)
at org.apache.maven.surefire.booter.ForkedBooter.main(ForkedBooter.java:103)
]]>
            </full-stacktrace>
          </exception> <!-- org.openqa.selenium.NoSuchElementException -->
          <reporter-output>
          </reporter-output>
        </test-method> <!-- verifyUpdateCheckDetails -->
        <test-method status="SKIP" signature="verifyMarkCheckAsSent()[pri:5, instance:com.opus.testcases.TC_OpusVendorCaseSubmission_03@3dd3bcd]" name="verifyMarkCheckAsSent" duration-ms="0" started-at="2022-06-08T04:24:45Z" depends-on-methods="com.opus.testcases.TC_OpusVendorCaseSubmission_03.verifyUpdateCheckDetails" finished-at="2022-06-08T04:24:45Z">
          <exception class="java.lang.Throwable">
            <message>
              <![CDATA[Method TC_OpusVendorCaseSubmission_03.verifyMarkCheckAsSent()[pri:5, instance:com.opus.testcases.TC_OpusVendorCaseSubmission_03@3dd3bcd] depends on not successfully finished methods]]>
            </message>
            <full-stacktrace>
              <![CDATA[java.lang.Throwable: Method TC_OpusVendorCaseSubmission_03.verifyMarkCheckAsSent()[pri:5, instance:com.opus.testcases.TC_OpusVendorCaseSubmission_03@3dd3bcd] depends on not successfully finished methods
at org.testng.internal.Invoker.invokeTestMethods(Invoker.java:888)
at org.testng.internal.TestMethodWorker.invokeTestMethods(TestMethodWorker.java:125)
at org.testng.internal.TestMethodWorker.run(TestMethodWorker.java:109)
at org.testng.TestRunner.privateRun(TestRunner.java:648)
at org.testng.TestRunner.run(TestRunner.java:505)
at org.testng.SuiteRunner.runTest(SuiteRunner.java:455)
at org.testng.SuiteRunner.runSequentially(SuiteRunner.java:450)
at org.testng.SuiteRunner.privateRun(SuiteRunner.java:415)
at org.testng.SuiteRunner.run(SuiteRunner.java:364)
at org.testng.SuiteRunnerWorker.runSuite(SuiteRunnerWorker.java:52)
at org.testng.SuiteRunnerWorker.run(SuiteRunnerWorker.java:84)
at org.testng.TestNG.runSuitesSequentially(TestNG.java:1208)
at org.testng.TestNG.runSuitesLocally(TestNG.java:1137)
at org.testng.TestNG.runSuites(TestNG.java:1049)
at org.testng.TestNG.run(TestNG.java:1017)
at org.apache.maven.surefire.testng.TestNGExecutor.run(TestNGExecutor.java:295)
at org.apache.maven.surefire.testng.TestNGXmlTestSuite.execute(TestNGXmlTestSuite.java:84)
at org.apache.maven.surefire.testng.TestNGProvider.invoke(TestNGProvider.java:90)
at org.apache.maven.surefire.booter.ForkedBooter.invokeProviderInSameClassLoader(ForkedBooter.java:203)
at org.apache.maven.surefire.booter.ForkedBooter.runSuitesInProcess(ForkedBooter.java:155)
at org.apache.maven.surefire.booter.ForkedBooter.main(ForkedBooter.java:103)
]]>
            </full-stacktrace>
          </exception> <!-- java.lang.Throwable -->
          <reporter-output>
          </reporter-output>
        </test-method> <!-- verifyMarkCheckAsSent -->
        <test-method status="PASS" signature="tearDown()[pri:0, instance:com.opus.testcases.TC_OpusVendorCaseSubmission_03@3dd3bcd]" name="tearDown" is-config="true" duration-ms="102" started-at="2022-06-08T04:24:45Z" finished-at="2022-06-08T04:24:45Z">
          <reporter-output>
          </reporter-output>
        </test-method> <!-- tearDown -->
      </class> <!-- com.opus.testcases.TC_OpusVendorCaseSubmission_03 -->
    </test> <!-- Opus3 -->
  </suite> <!-- Opus -->
</testng-results>
